#
# There is insufficient memory for the Java Runtime Environment to continue.
# Native memory allocation (malloc) failed to allocate 32744 bytes for ChunkPool::allocate
# Possible reasons:
#   The system is out of physical RAM or swap space
#   The process is running with CompressedOops enabled, and the Java Heap may be blocking the growth of the native heap
# Possible solutions:
#   Reduce memory load on the system
#   Increase physical memory or swap space
#   Check if swap backing store is full
#   Decrease Java heap size (-Xmx/-Xms)
#   Decrease number of Java threads
#   Decrease Java thread stack sizes (-Xss)
#   Set larger code cache with -XX:ReservedCodeCacheSize=
#   JVM is running with Unscaled Compressed Oops mode in which the Java heap is
#     placed in the first 4GB address space. The Java Heap base address is the
#     maximum limit for the native heap growth. Please use -XX:HeapBaseMinAddress
#     to set the Java Heap base and to place the Java Heap above 4GB virtual address.
# This output file may be truncated or incomplete.
#
#  Out of Memory Error (allocation.cpp:272), pid=10196, tid=0x0000000000002fa4
#
# JRE version: Java(TM) SE Runtime Environment (8.0_271-b09) (build 1.8.0_271-b09)
# Java VM: Java HotSpot(TM) 64-Bit Server VM (25.271-b09 mixed mode windows-amd64 compressed oops)
# Failed to write core dump. Minidumps are not enabled by default on client versions of Windows
#

---------------  T H R E A D  ---------------

Current thread (0x000001753557d000):  JavaThread "Forwarding newSession on session null to remote" [_thread_in_vm, id=12196, stack(0x0000001238500000,0x0000001238600000)]

Stack: [0x0000001238500000,0x0000001238600000]
Native frames: (J=compiled Java code, j=interpreted, Vv=VM code, C=native code)
V  [jvm.dll+0x33f6c9]

Java frames: (J=compiled Java code, j=interpreted, Vv=VM code)
J 862  java.lang.ClassLoader.defineClass1(Ljava/lang/String;[BIILjava/security/ProtectionDomain;Ljava/lang/String;)Ljava/lang/Class; (0 bytes) @ 0x00000175371e579f [0x00000175371e5700+0x9f]
J 844 C1 java.lang.ClassLoader.defineClass(Ljava/lang/String;[BIILjava/security/ProtectionDomain;)Ljava/lang/Class; (43 bytes) @ 0x00000175371dcfa4 [0x00000175371dc9c0+0x5e4]
J 657 C1 java.net.URLClassLoader.defineClass(Ljava/lang/String;Lsun/misc/Resource;)Ljava/lang/Class; (142 bytes) @ 0x00000175371640bc [0x0000017537162540+0x1b7c]
J 585 C1 java.net.URLClassLoader$1.run()Ljava/lang/Class; (63 bytes) @ 0x0000017537134a2c [0x0000017537134760+0x2cc]
J 584 C1 java.net.URLClassLoader$1.run()Ljava/lang/Object; (5 bytes) @ 0x000001753712fc0c [0x000001753712fb80+0x8c]
v  ~StubRoutines::call_stub
J 260  java.security.AccessController.doPrivileged(Ljava/security/PrivilegedExceptionAction;Ljava/security/AccessControlContext;)Ljava/lang/Object; (0 bytes) @ 0x0000017537056ca6 [0x0000017537056c40+0x66]
J 462 C1 java.net.URLClassLoader.findClass(Ljava/lang/String;)Ljava/lang/Class; (47 bytes) @ 0x00000175370e6b84 [0x00000175370e6a00+0x184]
J 210 C1 java.lang.ClassLoader.loadClass(Ljava/lang/String;Z)Ljava/lang/Class; (122 bytes) @ 0x000001753703d6bc [0x000001753703cd40+0x97c]
J 324 C1 sun.misc.Launcher$AppClassLoader.loadClass(Ljava/lang/String;Z)Ljava/lang/Class; (85 bytes) @ 0x000001753709bdac [0x000001753709b400+0x9ac]
J 323 C1 java.lang.ClassLoader.loadClass(Ljava/lang/String;)Ljava/lang/Class; (7 bytes) @ 0x000001753709b00c [0x000001753709af00+0x10c]
v  ~StubRoutines::call_stub
j  org.openqa.selenium.remote.http.W3CHttpCommandCodec.<init>()V+5
j  org.openqa.selenium.remote.Dialect$2.getCommandCodec()Lorg/openqa/selenium/remote/CommandCodec;+4
j  org.openqa.selenium.remote.HttpCommandExecutor.execute(Lorg/openqa/selenium/remote/Command;)Lorg/openqa/selenium/remote/Response;+135
j  org.openqa.selenium.remote.service.DriverCommandExecutor.execute(Lorg/openqa/selenium/remote/Command;)Lorg/openqa/selenium/remote/Response;+21
j  org.openqa.selenium.remote.RemoteWebDriver.execute(Ljava/lang/String;Ljava/util/Map;)Lorg/openqa/selenium/remote/Response;+74
j  org.openqa.selenium.remote.RemoteWebDriver.startSession(Lorg/openqa/selenium/Capabilities;)V+11
j  org.openqa.selenium.remote.RemoteWebDriver.<init>(Lorg/openqa/selenium/remote/CommandExecutor;Lorg/openqa/selenium/Capabilities;)V+65
j  org.openqa.selenium.chrome.ChromeDriver.<init>(Lorg/openqa/selenium/chrome/ChromeDriverService;Lorg/openqa/selenium/Capabilities;)V+10
j  org.openqa.selenium.chrome.ChromeDriver.<init>(Lorg/openqa/selenium/chrome/ChromeDriverService;Lorg/openqa/selenium/chrome/ChromeOptions;)V+3
j  org.openqa.selenium.chrome.ChromeDriver.<init>()V+11
j  util.BrowserFactory.init()Lorg/openqa/selenium/WebDriver;+12
j  test.LoginTest.validUserShouldBeAbleToLogin()V+1
v  ~StubRoutines::call_stub
j  sun.reflect.NativeMethodAccessorImpl.invoke0(Ljava/lang/reflect/Method;Ljava/lang/Object;[Ljava/lang/Object;)Ljava/lang/Object;+0
j  sun.reflect.NativeMethodAccessorImpl.invoke(Ljava/lang/Object;[Ljava/lang/Object;)Ljava/lang/Object;+100
j  sun.reflect.DelegatingMethodAccessorImpl.invoke(Ljava/lang/Object;[Ljava/lang/Object;)Ljava/lang/Object;+6
j  java.lang.reflect.Method.invoke(Ljava/lang/Object;[Ljava/lang/Object;)Ljava/lang/Object;+56
j  org.testng.internal.MethodInvocationHelper.invokeMethod(Ljava/lang/reflect/Method;Ljava/lang/Object;[Ljava/lang/Object;)Ljava/lang/Object;+258
j  org.testng.internal.TestInvoker.invokeMethod(Lorg/testng/internal/TestMethodArguments;Lorg/testng/xml/XmlSuite;Lorg/testng/internal/ITestInvoker$FailureContext;)Lorg/testng/ITestResult;+705
j  org.testng.internal.TestInvoker.invokeTestMethod(Lorg/testng/internal/TestMethodArguments;Lorg/testng/xml/XmlSuite;Lorg/testng/internal/ITestInvoker$FailureContext;)Lorg/testng/ITestResult;+16
j  org.testng.internal.MethodRunner.runInSequence(Lorg/testng/internal/TestMethodArguments;Lorg/testng/internal/ITestInvoker;Lorg/testng/ITestContext;Ljava/util/concurrent/atomic/AtomicInteger;Lorg/testng/internal/ITestInvoker$FailureContext;Ljava/util/Iterator;Z)Ljava/util/List;+127
j  org.testng.internal.TestInvoker$MethodInvocationAgent.invoke(I)I+313
j  org.testng.internal.TestInvoker.invokeTestMethods(Lorg/testng/ITestNGMethod;Lorg/testng/internal/ConfigurationGroupMethods;Ljava/lang/Object;Lorg/testng/ITestContext;)Ljava/util/List;+404
j  org.testng.internal.TestMethodWorker.invokeTestMethods(Lorg/testng/ITestNGMethod;Ljava/lang/Object;)V+14
j  org.testng.internal.TestMethodWorker.run()V+127
j  org.testng.TestRunner$$Lambda$50.accept(Ljava/lang/Object;)V+7
j  java.util.ArrayList.forEach(Ljava/util/function/Consumer;)V+47
j  org.testng.TestRunner.privateRun(Lorg/testng/xml/XmlTest;)V+356
j  org.testng.TestRunner.run()V+25
j  org.testng.SuiteRunner.runTest(Lorg/testng/TestRunner;)V+21
j  org.testng.SuiteRunner.runSequentially()V+31
j  org.testng.SuiteRunner.privateRun()V+296
j  org.testng.SuiteRunner.run()V+6
j  org.testng.SuiteRunnerWorker.runSuite(Lorg/testng/internal/SuiteRunnerMap;Lorg/testng/xml/XmlSuite;)V+87
j  org.testng.SuiteRunnerWorker.run()V+12
j  org.testng.TestNG.runSuitesSequentially(Lorg/testng/xml/XmlSuite;Lorg/testng/internal/SuiteRunnerMap;ILjava/lang/String;)V+66
j  org.testng.TestNG.runSuitesLocally()Ljava/util/List;+156
j  org.testng.TestNG.runSuites()Ljava/util/List;+1
j  org.testng.TestNG.run()V+25
j  org.testng.remote.AbstractRemoteTestNG.run()V+149
j  org.testng.remote.RemoteTestNG.initAndRun(Lorg/testng/remote/IRemoteTestNG;[Ljava/lang/String;Lorg/testng/CommandLineArgs;Lorg/testng/remote/RemoteArgs;)V+184
j  org.testng.remote.RemoteTestNG.main([Ljava/lang/String;)V+201
v  ~StubRoutines::call_stub

---------------  P R O C E S S  ---------------

Java Threads: ( => current thread )
  0x000001754ae07000 JavaThread "SeedGenerator Thread" daemon [_thread_new, id=18840, stack(0x0000000000000000,0x0000000000000000)]
  0x000001754ae02000 JavaThread "SeedGenerator Thread" daemon [_thread_blocked, id=18768, stack(0x0000001239b00000,0x0000001239c00000)]
  0x000001754ae06800 JavaThread "SeedGenerator Thread" daemon [_thread_blocked, id=15212, stack(0x0000001239700000,0x0000001239800000)]
  0x000001754b7c7800 JavaThread "Okio Watchdog" daemon [_thread_blocked, id=14096, stack(0x0000001239c00000,0x0000001239d00000)]
  0x000001754aaa2000 JavaThread "OkHttp ConnectionPool" daemon [_thread_blocked, id=10948, stack(0x0000001239400000,0x0000001239500000)]
  0x000001754aa62800 JavaThread "Keep-Alive-Timer" daemon [_thread_blocked, id=7764, stack(0x0000001239500000,0x0000001239600000)]
  0x000001754ad2a000 JavaThread "Exec Stream Pumper" daemon [_thread_in_native, id=14864, stack(0x0000001239a00000,0x0000001239b00000)]
  0x000001754abf8800 JavaThread "Exec Stream Pumper" daemon [_thread_in_native, id=18228, stack(0x0000001239900000,0x0000001239a00000)]
  0x000001754ad27000 JavaThread "UrlChecker-2" daemon [_thread_blocked, id=16028, stack(0x0000001239800000,0x0000001239900000)]
  0x000001754aae0800 JavaThread "Exec Default Executor" daemon [_thread_in_native, id=17832, stack(0x0000001239600000,0x0000001239700000)]
  0x000001754a72c800 JavaThread "SeedGenerator Thread" daemon [_thread_in_Java, id=2484, stack(0x0000001239300000,0x0000001239400000)]
  0x000001754a6ba000 JavaThread "ReaderThread" [_thread_in_native, id=18688, stack(0x0000001239200000,0x0000001239300000)]
  0x00000175490a8800 JavaThread "Service Thread" daemon [_thread_blocked, id=1256, stack(0x0000001238f00000,0x0000001239000000)]
  0x000001754908b800 JavaThread "C1 CompilerThread1" daemon [_thread_blocked, id=18920, stack(0x0000001238e00000,0x0000001238f00000)]
  0x000001754903c800 JavaThread "C2 CompilerThread0" daemon [_thread_in_native, id=4932, stack(0x0000001238d00000,0x0000001238e00000)]
  0x000001754903b800 JavaThread "Attach Listener" daemon [_thread_blocked, id=9780, stack(0x0000001238c00000,0x0000001238d00000)]
  0x0000017549038000 JavaThread "Signal Dispatcher" daemon [_thread_blocked, id=14552, stack(0x0000001238b00000,0x0000001238c00000)]
  0x0000017549011000 JavaThread "Finalizer" daemon [_thread_blocked, id=6528, stack(0x0000001238a00000,0x0000001238b00000)]
  0x0000017549008000 JavaThread "Reference Handler" daemon [_thread_blocked, id=15560, stack(0x0000001238900000,0x0000001238a00000)]
=>0x000001753557d000 JavaThread "Forwarding newSession on session null to remote" [_thread_in_vm, id=12196, stack(0x0000001238500000,0x0000001238600000)]

Other Threads:
  0x0000017548fde800 VMThread [stack: 0x0000001238800000,0x0000001238900000] [id=16532]
  0x00000175490cd000 WatcherThread [stack: 0x0000001239000000,0x0000001239100000] [id=16580]

VM state:not at safepoint (normal execution)

VM Mutex/Monitor currently owned by a thread: None

heap address: 0x00000000c2e00000, size: 978 MB, Compressed Oops mode: 32-bit
Narrow klass base: 0x0000000000000000, Narrow klass shift: 3
Compressed class space size: 1073741824 Address: 0x0000000100000000

Heap:
 PSYoungGen      total 18432K, used 15534K [0x00000000eba00000, 0x00000000ede00000, 0x0000000100000000)
  eden space 15872K, 81% used [0x00000000eba00000,0x00000000ec6af838,0x00000000ec980000)
  from space 2560K, 99% used [0x00000000ec980000,0x00000000ecbfc040,0x00000000ecc00000)
  to   space 2560K, 0% used [0x00000000edb80000,0x00000000edb80000,0x00000000ede00000)
 ParOldGen       total 42496K, used 5652K [0x00000000c2e00000, 0x00000000c5780000, 0x00000000eba00000)
  object space 42496K, 13% used [0x00000000c2e00000,0x00000000c33852c8,0x00000000c5780000)
 Metaspace       used 17738K, capacity 18534K, committed 18560K, reserved 1064960K
  class space    used 2191K, capacity 2413K, committed 2432K, reserved 1048576K

Card table byte_map: [0x0000017546290000,0x0000017546480000] byte_map_base: 0x0000017545c79000

Marking Bits: (ParMarkBitMap*) 0x0000000053ed7fe0
 Begin Bits: [0x00000175465d0000, 0x0000017547518000)
 End Bits:   [0x0000017547518000, 0x0000017548460000)

Polling page: 0x00000175354f0000

CodeCache: size=245760Kb used=5667Kb max_used=5667Kb free=240092Kb
 bounds [0x0000017536ed0000, 0x0000017537460000, 0x0000017545ed0000]
 total_blobs=2075 nmethods=1652 adapters=336
 compilation: enabled

Compilation events (10 events):
Event: 12.919 Thread 0x000001754908b800 1662       3       com.google.common.base.AbstractIterator::hasNext (65 bytes)
Event: 12.919 Thread 0x000001754908b800 nmethod 1662 0x0000017537459050 code [0x00000175374591e0, 0x0000017537459620]
Event: 12.920 Thread 0x000001754908b800 1663       3       com.google.common.base.CharMatcher::indexIn (48 bytes)
Event: 12.921 Thread 0x000001754908b800 nmethod 1663 0x0000017537459810 code [0x00000175374599e0, 0x000001753745a0f0]
Event: 12.921 Thread 0x000001754908b800 1664       3       com.google.common.base.Splitter$1$1::separatorStart (16 bytes)
Event: 12.921 Thread 0x000001754908b800 nmethod 1664 0x000001753745a410 code [0x000001753745a580, 0x000001753745a7b0]
Event: 12.921 Thread 0x000001754908b800 1665       3       com.google.common.base.Splitter$SplittingIterator::computeNext (5 bytes)
Event: 12.921 Thread 0x000001754908b800 nmethod 1665 0x000001753745a890 code [0x000001753745aa00, 0x000001753745ac10]
Event: 12.921 Thread 0x000001754908b800 1666       3       com.google.common.base.AbstractIterator::tryToComputeNext (36 bytes)
Event: 12.922 Thread 0x000001754908b800 nmethod 1666 0x000001753745acd0 code [0x000001753745ae40, 0x000001753745b130]

GC Heap History (6 events):
Event: 6.458 GC heap before
{Heap before GC invocations=1 (full 0):
 PSYoungGen      total 18432K, used 15872K [0x00000000eba00000, 0x00000000ece80000, 0x0000000100000000)
  eden space 15872K, 100% used [0x00000000eba00000,0x00000000ec980000,0x00000000ec980000)
  from space 2560K, 0% used [0x00000000ecc00000,0x00000000ecc00000,0x00000000ece80000)
  to   space 2560K, 0% used [0x00000000ec980000,0x00000000ec980000,0x00000000ecc00000)
 ParOldGen       total 42496K, used 0K [0x00000000c2e00000, 0x00000000c5780000, 0x00000000eba00000)
  object space 42496K, 0% used [0x00000000c2e00000,0x00000000c2e00000,0x00000000c5780000)
 Metaspace       used 9660K, capacity 9858K, committed 9984K, reserved 1058816K
  class space    used 1117K, capacity 1205K, committed 1280K, reserved 1048576K
Event: 6.466 GC heap after
Heap after GC invocations=1 (full 0):
 PSYoungGen      total 18432K, used 2548K [0x00000000eba00000, 0x00000000ece80000, 0x0000000100000000)
  eden space 15872K, 0% used [0x00000000eba00000,0x00000000eba00000,0x00000000ec980000)
  from space 2560K, 99% used [0x00000000ec980000,0x00000000ecbfd2b8,0x00000000ecc00000)
  to   space 2560K, 0% used [0x00000000ecc00000,0x00000000ecc00000,0x00000000ece80000)
 ParOldGen       total 42496K, used 1059K [0x00000000c2e00000, 0x00000000c5780000, 0x00000000eba00000)
  object space 42496K, 2% used [0x00000000c2e00000,0x00000000c2f08c40,0x00000000c5780000)
 Metaspace       used 9660K, capacity 9858K, committed 9984K, reserved 1058816K
  class space    used 1117K, capacity 1205K, committed 1280K, reserved 1048576K
}
Event: 7.035 GC heap before
{Heap before GC invocations=2 (full 0):
 PSYoungGen      total 18432K, used 18420K [0x00000000eba00000, 0x00000000ece80000, 0x0000000100000000)
  eden space 15872K, 100% used [0x00000000eba00000,0x00000000ec980000,0x00000000ec980000)
  from space 2560K, 99% used [0x00000000ec980000,0x00000000ecbfd2b8,0x00000000ecc00000)
  to   space 2560K, 0% used [0x00000000ecc00000,0x00000000ecc00000,0x00000000ece80000)
 ParOldGen       total 42496K, used 1059K [0x00000000c2e00000, 0x00000000c5780000, 0x00000000eba00000)
  object space 42496K, 2% used [0x00000000c2e00000,0x00000000c2f08c40,0x00000000c5780000)
 Metaspace       used 13162K, capacity 13546K, committed 13696K, reserved 1060864K
  class space    used 1547K, capacity 1654K, committed 1664K, reserved 1048576K
Event: 7.049 GC heap after
Heap after GC invocations=2 (full 0):
 PSYoungGen      total 18432K, used 2544K [0x00000000eba00000, 0x00000000ede00000, 0x0000000100000000)
  eden space 15872K, 0% used [0x00000000eba00000,0x00000000eba00000,0x00000000ec980000)
  from space 2560K, 99% used [0x00000000ecc00000,0x00000000ece7c030,0x00000000ece80000)
  to   space 2560K, 0% used [0x00000000ec980000,0x00000000ec980000,0x00000000ecc00000)
 ParOldGen       total 42496K, used 3282K [0x00000000c2e00000, 0x00000000c5780000, 0x00000000eba00000)
  object space 42496K, 7% used [0x00000000c2e00000,0x00000000c3134918,0x00000000c5780000)
 Metaspace       used 13162K, capacity 13546K, committed 13696K, reserved 1060864K
  class space    used 1547K, capacity 1654K, committed 1664K, reserved 1048576K
}
Event: 8.338 GC heap before
{Heap before GC invocations=3 (full 0):
 PSYoungGen      total 18432K, used 18416K [0x00000000eba00000, 0x00000000ede00000, 0x0000000100000000)
  eden space 15872K, 100% used [0x00000000eba00000,0x00000000ec980000,0x00000000ec980000)
  from space 2560K, 99% used [0x00000000ecc00000,0x00000000ece7c030,0x00000000ece80000)
  to   space 2560K, 0% used [0x00000000ec980000,0x00000000ec980000,0x00000000ecc00000)
 ParOldGen       total 42496K, used 3282K [0x00000000c2e00000, 0x00000000c5780000, 0x00000000eba00000)
  object space 42496K, 7% used [0x00000000c2e00000,0x00000000c3134918,0x00000000c5780000)
 Metaspace       used 15119K, capacity 15468K, committed 15616K, reserved 1062912K
  class space    used 1809K, capacity 1934K, committed 2048K, reserved 1048576K
Event: 8.349 GC heap after
Heap after GC invocations=3 (full 0):
 PSYoungGen      total 18432K, used 2544K [0x00000000eba00000, 0x00000000ede00000, 0x0000000100000000)
  eden space 15872K, 0% used [0x00000000eba00000,0x00000000eba00000,0x00000000ec980000)
  from space 2560K, 99% used [0x00000000ec980000,0x00000000ecbfc040,0x00000000ecc00000)
  to   space 2560K, 0% used [0x00000000edb80000,0x00000000edb80000,0x00000000ede00000)
 ParOldGen       total 42496K, used 5652K [0x00000000c2e00000, 0x00000000c5780000, 0x00000000eba00000)
  object space 42496K, 13% used [0x00000000c2e00000,0x00000000c33852c8,0x00000000c5780000)
 Metaspace       used 15119K, capacity 15468K, committed 15616K, reserved 1062912K
  class space    used 1809K, capacity 1934K, committed 2048K, reserved 1048576K
}

Deoptimization events (10 events):
Event: 8.515 Thread 0x000001753557d000 Uncommon trap: reason=class_check action=maybe_recompile pc=0x000001753737629c method=java.util.regex.Matcher.search(I)Z @ 86
Event: 8.515 Thread 0x000001753557d000 Uncommon trap: reason=class_check action=maybe_recompile pc=0x000001753737629c method=java.util.regex.Matcher.search(I)Z @ 86
Event: 8.515 Thread 0x000001753557d000 Uncommon trap: reason=class_check action=maybe_recompile pc=0x000001753737629c method=java.util.regex.Matcher.search(I)Z @ 86
Event: 8.515 Thread 0x000001753557d000 Uncommon trap: reason=class_check action=maybe_recompile pc=0x000001753737629c method=java.util.regex.Matcher.search(I)Z @ 86
Event: 8.620 Thread 0x000001753557d000 Uncommon trap: reason=unstable_if action=reinterpret pc=0x000001753723b9dc method=java.util.regex.Pattern$BmpCharProperty.match(Ljava/util/regex/Matcher;ILjava/lang/CharSequence;)Z @ 34
Event: 12.800 Thread 0x000001753557d000 Uncommon trap: reason=class_check action=maybe_recompile pc=0x0000017537427074 method=org.openqa.selenium.json.Input.init()V @ 18
Event: 12.800 Thread 0x000001753557d000 Uncommon trap: reason=class_check action=maybe_recompile pc=0x0000017537427074 method=org.openqa.selenium.json.Input.init()V @ 18
Event: 12.801 Thread 0x000001753557d000 Uncommon trap: reason=class_check action=maybe_recompile pc=0x0000017537427074 method=org.openqa.selenium.json.Input.init()V @ 18
Event: 12.801 Thread 0x000001753557d000 Uncommon trap: reason=class_check action=maybe_recompile pc=0x0000017537427074 method=org.openqa.selenium.json.Input.init()V @ 18
Event: 12.879 Thread 0x000001753557d000 Uncommon trap: reason=unstable_if action=reinterpret pc=0x00000175374410f0 method=java.util.concurrent.ConcurrentHashMap.putVal(Ljava/lang/Object;Ljava/lang/Object;Z)Ljava/lang/Object; @ 181

Classes redefined (0 events):
No events

Internal exceptions (10 events):
Event: 0.555 Thread 0x000001753557d000 Exception <a 'java/lang/NoSuchFieldError': method resolution failed> (0x00000000ebf5b990) thrown at [C:\jenkins\workspace\8-2-build-windows-amd64-cygwin\jdk8u271\605\hotspot\src\share\vm\prims\methodHandles.cpp, line 1169]
Event: 0.559 Thread 0x000001753557d000 Exception <a 'java/lang/NoSuchFieldError': method resolution failed> (0x00000000ebf68ce0) thrown at [C:\jenkins\workspace\8-2-build-windows-amd64-cygwin\jdk8u271\605\hotspot\src\share\vm\prims\methodHandles.cpp, line 1169]
Event: 6.244 Thread 0x000001753557d000 Exception <a 'java/lang/NoSuchMethodError': java.lang.Object.lambda$comparingInt$7b0bb60$1(Ljava/util/function/ToIntFunction;Ljava/lang/Object;Ljava/lang/Object;)I> (0x00000000ec62c1c8) thrown at [C:\jenkins\workspace\8-2-build-windows-amd64-cygwin\jdk8u2
Event: 6.482 Thread 0x000001753557d000 Exception <a 'java/lang/ArrayIndexOutOfBoundsException': 65> (0x00000000eba7ccf8) thrown at [C:\jenkins\workspace\8-2-build-windows-amd64-cygwin\jdk8u271\605\hotspot\src\share\vm\interpreter\interpreterRuntime.cpp, line 371]
Event: 6.484 Thread 0x000001753557d000 Exception <a 'java/lang/ArrayIndexOutOfBoundsException': 60> (0x00000000eba82808) thrown at [C:\jenkins\workspace\8-2-build-windows-amd64-cygwin\jdk8u271\605\hotspot\src\share\vm\interpreter\interpreterRuntime.cpp, line 371]
Event: 8.215 Thread 0x000001754ad27000 Exception <a 'java/net/SocketTimeoutException': connect timed out> (0x00000000ec679860) thrown at [C:\jenkins\workspace\8-2-build-windows-amd64-cygwin\jdk8u271\605\hotspot\src\share\vm\prims\jni.cpp, line 737]
Event: 8.266 Thread 0x000001753557d000 Exception <a 'java/lang/IncompatibleClassChangeError': Found class java.lang.Object, but interface was expected> (0x00000000ec78dcd8) thrown at [C:\jenkins\workspace\8-2-build-windows-amd64-cygwin\jdk8u271\605\hotspot\src\share\vm\interpreter\linkResolver
Event: 8.272 Thread 0x000001753557d000 Exception <a 'java/lang/NoSuchMethodError': java.lang.Object.lambda$or$2(Ljava/util/function/Predicate;Ljava/lang/Object;)Z> (0x00000000ec797ea8) thrown at [C:\jenkins\workspace\8-2-build-windows-amd64-cygwin\jdk8u271\605\hotspot\src\share\vm\interpreter\
Event: 8.403 Thread 0x000001753557d000 Exception <a 'java/lang/NoSuchMethodError': java.lang.Object.lambda$chars$0()Ljava/util/Spliterator$OfInt;> (0x00000000ebb5cb20) thrown at [C:\jenkins\workspace\8-2-build-windows-amd64-cygwin\jdk8u271\605\hotspot\src\share\vm\interpreter\linkResolver.cpp,
Event: 12.814 Thread 0x000001753557d000 Exception <a 'java/lang/NoSuchMethodError': java.lang.Object.lambda$getResponseFunction$0(Lorg/openqa/selenium/remote/InitialHandshakeResponse;)Lorg/openqa/selenium/remote/ProtocolHandshake$Result;> (0x00000000ec5a6238) thrown at [C:\jenkins\workspace\8-2

Events (10 events):
Event: 12.915 loading class com/google/common/base/AbstractIterator$State
Event: 12.915 loading class com/google/common/base/AbstractIterator$State done
Event: 12.916 loading class com/google/common/base/AbstractIterator$1
Event: 12.916 loading class com/google/common/base/AbstractIterator$1 done
Event: 12.922 loading class org/openqa/selenium/interactions/PointerInput
Event: 12.922 loading class org/openqa/selenium/interactions/PointerInput done
Event: 12.923 loading class org/openqa/selenium/interactions/Encodable
Event: 12.923 loading class org/openqa/selenium/interactions/Encodable done
Event: 12.928 loading class org/openqa/selenium/interactions/Interaction
Event: 12.928 loading class org/openqa/selenium/interactions/Interaction done


Dynamic libraries:
0x00007ff73f880000 - 0x00007ff73f8c7000 	C:\Program Files\Java\jdk1.8.0_271\bin\javaw.exe
0x00007ff923a00000 - 0x00007ff923bf0000 	C:\windows\SYSTEM32\ntdll.dll
0x00007ff922f90000 - 0x00007ff923042000 	C:\windows\System32\KERNEL32.DLL
0x00007ff920b60000 - 0x00007ff920e05000 	C:\windows\System32\KERNELBASE.dll
0x00007ff923910000 - 0x00007ff9239b3000 	C:\windows\System32\ADVAPI32.dll
0x00007ff9229d0000 - 0x00007ff922a6e000 	C:\windows\System32\msvcrt.dll
0x00007ff922b40000 - 0x00007ff922bd7000 	C:\windows\System32\sechost.dll
0x00007ff922e40000 - 0x00007ff922f5f000 	C:\windows\System32\RPCRT4.dll
0x00007ff921ab0000 - 0x00007ff921c44000 	C:\windows\System32\USER32.dll
0x00007ff921980000 - 0x00007ff9219a1000 	C:\windows\System32\win32u.dll
0x00007ff922f60000 - 0x00007ff922f86000 	C:\windows\System32\GDI32.dll
0x00007ff920970000 - 0x00007ff920b08000 	C:\windows\System32\gdi32full.dll
0x00007ff921000000 - 0x00007ff92109e000 	C:\windows\System32\msvcp_win.dll
0x00007ff920f00000 - 0x00007ff920ffa000 	C:\windows\System32\ucrtbase.dll
0x00007ff910200000 - 0x00007ff910484000 	C:\windows\WinSxS\amd64_microsoft.windows.common-controls_6595b64144ccf1df_6.0.18362.1500_none_9e79be6de462295c\COMCTL32.dll
0x00007ff923350000 - 0x00007ff923686000 	C:\windows\System32\combase.dll
0x00007ff920e70000 - 0x00007ff920ef1000 	C:\windows\System32\bcryptPrimitives.dll
0x00007ff922e10000 - 0x00007ff922e3e000 	C:\windows\System32\IMM32.DLL
0x00007ff8bd410000 - 0x00007ff8bd515000 	C:\Program Files (x86)\Citrix\ICA Client\epclient64.dll
0x00007ff913c00000 - 0x00007ff913c0a000 	C:\windows\SYSTEM32\VERSION.dll
0x00007ff91f920000 - 0x00007ff91f951000 	C:\windows\SYSTEM32\ntmarta.dll
0x00007ff8ff3d0000 - 0x00007ff8ff3e5000 	C:\Program Files\Java\jdk1.8.0_271\jre\bin\vcruntime140.dll
0x00007ff8ff330000 - 0x00007ff8ff3cb000 	C:\Program Files\Java\jdk1.8.0_271\jre\bin\msvcp140.dll
0x00000000536e0000 - 0x0000000053f4f000 	C:\Program Files\Java\jdk1.8.0_271\jre\bin\server\jvm.dll
0x00007ff922960000 - 0x00007ff922968000 	C:\windows\System32\PSAPI.DLL
0x00007ff8ff0a0000 - 0x00007ff8ff0a9000 	C:\windows\SYSTEM32\WSOCK32.dll
0x00007ff923880000 - 0x00007ff9238ef000 	C:\windows\System32\WS2_32.dll
0x00007ff91df00000 - 0x00007ff91df24000 	C:\windows\SYSTEM32\WINMM.dll
0x00007ff91ded0000 - 0x00007ff91defd000 	C:\windows\SYSTEM32\WINMMBASE.dll
0x00007ff921a60000 - 0x00007ff921aaa000 	C:\windows\System32\cfgmgr32.dll
0x00007ff9208c0000 - 0x00007ff9208d1000 	C:\windows\System32\kernel.appcore.dll
0x00007ff8fef40000 - 0x00007ff8fef50000 	C:\Program Files\Java\jdk1.8.0_271\jre\bin\verify.dll
0x00007ff8fef10000 - 0x00007ff8fef3b000 	C:\Program Files\Java\jdk1.8.0_271\jre\bin\java.dll
0x00007ff8feef0000 - 0x00007ff8fef08000 	C:\Program Files\Java\jdk1.8.0_271\jre\bin\zip.dll
0x0000017549b10000 - 0x000001754a1f8000 	C:\windows\System32\SHELL32.dll
0x00007ff923690000 - 0x00007ff923737000 	C:\windows\System32\shcore.dll
0x00007ff921200000 - 0x00007ff92197b000 	C:\windows\System32\windows.storage.dll
0x00007ff920950000 - 0x00007ff92096e000 	C:\windows\System32\profapi.dll
0x00007ff920900000 - 0x00007ff92094a000 	C:\windows\System32\powrprof.dll
0x00007ff9208b0000 - 0x00007ff9208c0000 	C:\windows\System32\UMPDC.dll
0x00007ff922420000 - 0x00007ff922472000 	C:\windows\System32\shlwapi.dll
0x00007ff920b40000 - 0x00007ff920b57000 	C:\windows\System32\cryptsp.dll
0x00007ff902790000 - 0x00007ff9027ac000 	C:\Program Files\Java\jdk1.8.0_271\jre\bin\net.dll
0x00007ff920090000 - 0x00007ff9200f7000 	C:\windows\system32\mswsock.dll
0x00007ff91fde0000 - 0x00007ff91feab000 	C:\windows\SYSTEM32\DNSAPI.dll
0x00007ff922b20000 - 0x00007ff922b28000 	C:\windows\System32\NSI.dll
0x00007ff91fda0000 - 0x00007ff91fdda000 	C:\windows\SYSTEM32\IPHLPAPI.DLL
0x00007ff90a4b0000 - 0x00007ff90a4ba000 	C:\Windows\System32\rasadhlp.dll
0x00007ff91a8f0000 - 0x00007ff91a967000 	C:\windows\System32\fwpuclnt.dll
0x00007ff920b10000 - 0x00007ff920b36000 	C:\windows\System32\bcrypt.dll
0x00007ff91fc10000 - 0x00007ff91fc43000 	C:\windows\system32\rsaenh.dll
0x00007ff9207a0000 - 0x00007ff9207c5000 	C:\windows\SYSTEM32\USERENV.dll
0x00007ff91ee90000 - 0x00007ff91eea6000 	C:\windows\SYSTEM32\dhcpcsvc6.DLL
0x00007ff91ed80000 - 0x00007ff91ed9c000 	C:\windows\SYSTEM32\dhcpcsvc.DLL
0x00007ff9012f0000 - 0x00007ff901303000 	C:\Program Files\Java\jdk1.8.0_271\jre\bin\nio.dll
0x00007ff8fa3a0000 - 0x00007ff8fa3c4000 	C:\Program Files\Java\jdk1.8.0_271\jre\bin\sunec.dll
0x00007ff8fa390000 - 0x00007ff8fa39d000 	C:\Program Files\Java\jdk1.8.0_271\jre\bin\sunmscapi.dll
0x00007ff9210a0000 - 0x00007ff9211f1000 	C:\windows\System32\CRYPT32.dll
0x00007ff9208e0000 - 0x00007ff9208f2000 	C:\windows\System32\MSASN1.dll
0x00007ff920370000 - 0x00007ff920396000 	C:\windows\SYSTEM32\ncrypt.dll
0x00007ff920330000 - 0x00007ff92036b000 	C:\windows\SYSTEM32\NTASN1.dll

VM Arguments:
jvm_args: -ea -Dfile.encoding=Cp1252 
java_command: org.testng.remote.RemoteTestNG -serport 63082 -protocol json -d C:\Users\supri\Documents\Supritha\Selenium\POM_Project\test-output C:\Users\supri\AppData\Local\Temp\testng-eclipse-710117094\testng-customsuite.xml
java_class_path (initial): C:\Users\supri\Desktop\eclipse-jee-2019-03-R-win32-x86_64\eclipse\configuration\org.eclipse.osgi\958\0\.cp\lib\testng-remote.jar;C:\Users\supri\Documents\Supritha\Selenium\POM_Project\target\test-classes;C:\Users\supri\Documents\Supritha\Selenium\POM_Project\target\classes;C:\Users\supri\Desktop\eclipse-jee-2019-03-R-win32-x86_64\eclipse\plugins\org.testng_7.3.0.r202008060316.jar;C:\Users\supri\Desktop\eclipse-jee-2019-03-R-win32-x86_64\eclipse\plugins\com.beust.jcommander_1.78.0.jar;C:\Users\supri\Desktop\eclipse-jee-2019-03-R-win32-x86_64\eclipse\plugins\org.apache-extras.beanshell.bsh_2.0.0.b6.jar;C:\Users\supri\Desktop\eclipse-jee-2019-03-R-win32-x86_64\eclipse\plugins\org.yaml.snakeyaml_1.21.0.jar;C:\Users\supri\.m2\repository\junit\junit\3.8.1\junit-3.8.1.jar;C:\Users\supri\.m2\repository\org\seleniumhq\selenium\selenium-java\3.141.59\selenium-java-3.141.59.jar;C:\Users\supri\.m2\repository\org\seleniumhq\selenium\selenium-api\3.141.59\selenium-api-3.141.59.jar;C:\Users\supri\.m2\repository\org\seleniumhq\selenium\selenium-chrome-driver\3.141.59\selenium-chrome-driver-3.141.59.jar;C:\Users\supri\.m2\repository\org\seleniumhq\selenium\selenium-edge-driver\3.141.59\selenium-edge-driver-3.141.59.jar;C:\Users\supri\.m2\repository\org\seleniumhq\selenium\selenium-firefox-driver\3.141.59\selenium-firefox-driver-3.141.59.jar;C:\Users\supri\.m2\repository\org\seleniumhq\selenium\selenium-ie-driver\3.141.59\selenium-ie-driver-3.141.59.jar;C:\Users\supri\.m2\repository\org\seleniumhq\selenium\selenium-opera-driver\3.141.59\selenium-opera-driver-3.141.59.jar;C:\Users\supri\.m2\repository\org\seleniumhq\selenium\selenium-remote-driver\3.141.59\selenium-remote-driver-3.141.59.jar;C:\Users\supri\.m2\repository\org\seleniumhq\selenium\selenium-safari-driver\3.141.59\selenium-safari-driver-3.141.59.jar;C:\Users\supri\.m2\repository\org\seleniumhq\selenium\selenium-support\3.141.59\selenium-support-3.141.59.jar;C:\Users\supri\.m2\repository\net\byt
Launcher Type: SUN_STANDARD

Environment Variables:
PATH=C:/Program Files/Java/jre1.8.0_271/bin/server;C:/Program Files/Java/jre1.8.0_271/bin;C:/Program Files/Java/jre1.8.0_271/lib/amd64;C:\Program Files (x86)\Common Files\Oracle\Java\javapath;C:\windows\system32;C:\windows;C:\windows\System32\Wbem;C:\windows\System32\WindowsPowerShell\v1.0\;C:\windows\System32\OpenSSH\;C:\Program Files (x86)\Brackets\command;C:\Program Files\Java\jdk1.8.0_271;C:\Program Files\Java\jdk1.8.0_271\bin;C:\Program Files\Maven\apache-maven-3.6.1\bin;C:\Program Files\Git\cmd;C:\Program Files\MySQL\MySQL Shell 8.0\bin\;C:\Users\supri\AppData\Local\Microsoft\WindowsApps;C:\Users\supri\AppData\Local\GitHubDesktop\bin;C:\Users\supri\Desktop\eclipse-jee-2019-03-R-win32-x86_64\eclipse;
USERNAME=supri
OS=Windows_NT
PROCESSOR_IDENTIFIER=Intel64 Family 6 Model 122 Stepping 1, GenuineIntel



---------------  S Y S T E M  ---------------

OS: Windows 10.0 , 64 bit Build 18362 (10.0.18362.1500)

CPU:total 2 (initial active 2) (2 cores per cpu, 1 threads per core) family 6 model 122 stepping 1, cmov, cx8, fxsr, mmx, sse, sse2, sse3, ssse3, sse4.1, sse4.2, popcnt, aes, clmul, erms, 3dnowpref, tsc, tscinvbit

Memory: 4k page, physical 4005196k(629404k free), swap 8197768k(2512k free)

vm_info: Java HotSpot(TM) 64-Bit Server VM (25.271-b09) for windows-amd64 JRE (1.8.0_271-b09), built on Sep 16 2020 19:14:59 by "" with MS VC++ 15.9 (VS2017)

time: Fri Jun  4 15:36:56 2021
timezone: Central Daylight Time
elapsed time: 12.953487 seconds (0d 0h 0m 12s)

