#
# There is insufficient memory for the Java Runtime Environment to continue.
# Native memory allocation (malloc) failed to allocate 32744 bytes for ChunkPool::allocate
# Possible reasons:
#   The system is out of physical RAM or swap space
#   The process is running with CompressedOops enabled, and the Java Heap may be blocking the growth of the native heap
# Possible solutions:
#   Reduce memory load on the system
#   Increase physical memory or swap space
#   Check if swap backing store is full
#   Decrease Java heap size (-Xmx/-Xms)
#   Decrease number of Java threads
#   Decrease Java thread stack sizes (-Xss)
#   Set larger code cache with -XX:ReservedCodeCacheSize=
#   JVM is running with Unscaled Compressed Oops mode in which the Java heap is
#     placed in the first 4GB address space. The Java Heap base address is the
#     maximum limit for the native heap growth. Please use -XX:HeapBaseMinAddress
#     to set the Java Heap base and to place the Java Heap above 4GB virtual address.
# This output file may be truncated or incomplete.
#
#  Out of Memory Error (allocation.cpp:272), pid=11808, tid=0x0000000000003e4c
#
# JRE version: Java(TM) SE Runtime Environment (8.0_271-b09) (build 1.8.0_271-b09)
# Java VM: Java HotSpot(TM) 64-Bit Server VM (25.271-b09 mixed mode windows-amd64 compressed oops)
# Failed to write core dump. Minidumps are not enabled by default on client versions of Windows
#

---------------  T H R E A D  ---------------

Current thread (0x000001dbf4dd5800):  JavaThread "C1 CompilerThread1" daemon [_thread_in_native, id=15948, stack(0x00000086a6800000,0x00000086a6900000)]

Stack: [0x00000086a6800000,0x00000086a6900000]
Native frames: (J=compiled Java code, j=interpreted, Vv=VM code, C=native code)
V  [jvm.dll+0x33f6c9]


Current CompileTask:
C1:  14897 1721       3       java.lang.invoke.AbstractValidatingLambdaMetafactory::validateMetafactoryArgs (864 bytes)


---------------  P R O C E S S  ---------------

Java Threads: ( => current thread )
  0x000001dbf6a7c800 JavaThread "SeedGenerator Thread" daemon [_thread_blocked, id=15888, stack(0x00000086a6f00000,0x00000086a7000000)]
  0x000001dbf76aa000 JavaThread "Okio Watchdog" daemon [_thread_blocked, id=15768, stack(0x00000086a7500000,0x00000086a7600000)]
  0x000001dbf6a8b800 JavaThread "OkHttp ConnectionPool" daemon [_thread_blocked, id=6056, stack(0x00000086a7400000,0x00000086a7500000)]
  0x000001dbf682f800 JavaThread "UrlChecker-2" daemon [_thread_blocked, id=18204, stack(0x00000086a7300000,0x00000086a7400000)]
  0x000001dbf6997800 JavaThread "Exec Stream Pumper" daemon [_thread_in_native, id=17756, stack(0x00000086a7200000,0x00000086a7300000)]
  0x000001dbf6793800 JavaThread "Exec Stream Pumper" daemon [_thread_in_native, id=18004, stack(0x00000086a7100000,0x00000086a7200000)]
  0x000001dbf684b000 JavaThread "Exec Default Executor" daemon [_thread_in_native, id=6972, stack(0x00000086a7000000,0x00000086a7100000)]
  0x000001dbf64ca000 JavaThread "SeedGenerator Thread" daemon [_thread_blocked, id=1884, stack(0x00000086a6d00000,0x00000086a6e00000)]
  0x000001dbf6436000 JavaThread "ReaderThread" [_thread_in_native, id=11048, stack(0x00000086a6c00000,0x00000086a6d00000)]
  0x000001dbf4e36000 JavaThread "Service Thread" daemon [_thread_blocked, id=15880, stack(0x00000086a6900000,0x00000086a6a00000)]
=>0x000001dbf4dd5800 JavaThread "C1 CompilerThread1" daemon [_thread_in_native, id=15948, stack(0x00000086a6800000,0x00000086a6900000)]
  0x000001dbf4dc8800 JavaThread "C2 CompilerThread0" daemon [_thread_blocked, id=9168, stack(0x00000086a6700000,0x00000086a6800000)]
  0x000001dbf4dc7000 JavaThread "Attach Listener" daemon [_thread_blocked, id=11520, stack(0x00000086a6600000,0x00000086a6700000)]
  0x000001dbf4dbf000 JavaThread "Signal Dispatcher" daemon [_thread_blocked, id=3028, stack(0x00000086a6500000,0x00000086a6600000)]
  0x000001dbf4d99800 JavaThread "Finalizer" daemon [_thread_blocked, id=13532, stack(0x00000086a6400000,0x00000086a6500000)]
  0x000001dbf4d90000 JavaThread "Reference Handler" daemon [_thread_blocked, id=18088, stack(0x00000086a6300000,0x00000086a6400000)]
  0x000001dbf0165000 JavaThread "main" [_thread_in_Java, id=12784, stack(0x00000086a5f00000,0x00000086a6000000)]

Other Threads:
  0x000001dbf4d67000 VMThread [stack: 0x00000086a6200000,0x00000086a6300000] [id=8632]
  0x000001dbf4e5a800 WatcherThread [stack: 0x00000086a6a00000,0x00000086a6b00000] [id=11412]

VM state:not at safepoint (normal execution)

VM Mutex/Monitor currently owned by a thread: None

heap address: 0x00000000c2e00000, size: 978 MB, Compressed Oops mode: 32-bit
Narrow klass base: 0x0000000000000000, Narrow klass shift: 3
Compressed class space size: 1073741824 Address: 0x0000000100000000

Heap:
 PSYoungGen      total 18432K, used 17429K [0x00000000eba00000, 0x00000000ece80000, 0x0000000100000000)
  eden space 15872K, 93% used [0x00000000eba00000,0x00000000ec88d708,0x00000000ec980000)
  from space 2560K, 98% used [0x00000000ec980000,0x00000000ecbf8010,0x00000000ecc00000)
  to   space 2560K, 0% used [0x00000000ecc00000,0x00000000ecc00000,0x00000000ece80000)
 ParOldGen       total 42496K, used 5665K [0x00000000c2e00000, 0x00000000c5780000, 0x00000000eba00000)
  object space 42496K, 13% used [0x00000000c2e00000,0x00000000c33885e0,0x00000000c5780000)
 Metaspace       used 18312K, capacity 19116K, committed 19456K, reserved 1067008K
  class space    used 2253K, capacity 2452K, committed 2560K, reserved 1048576K

Card table byte_map: [0x000001dbf2040000,0x000001dbf2230000] byte_map_base: 0x000001dbf1a29000

Marking Bits: (ParMarkBitMap*) 0x0000000053ed7fe0
 Begin Bits: [0x000001dbf2380000, 0x000001dbf32c8000)
 End Bits:   [0x000001dbf32c8000, 0x000001dbf4210000)

Polling page: 0x000001dbf0330000

CodeCache: size=245760Kb used=5794Kb max_used=5794Kb free=239965Kb
 bounds [0x000001db80000000, 0x000001db805b0000, 0x000001db8f000000]
 total_blobs=2124 nmethods=1686 adapters=351
 compilation: enabled

Compilation events (10 events):
Event: 14.877 Thread 0x000001dbf4dd5800 nmethod 1716 0x000001db80597890 code [0x000001db80597ec0, 0x000001db8059cef0]
Event: 14.878 Thread 0x000001dbf4dd5800 1717       3       java.lang.invoke.InnerClassLambdaMetafactory::<init> (262 bytes)
Event: 14.881 Thread 0x000001dbf4dd5800 nmethod 1717 0x000001db805a05d0 code [0x000001db805a0a00, 0x000001db805a3810]
Event: 14.881 Thread 0x000001dbf4dd5800 1718       3       java.lang.invoke.AbstractValidatingLambdaMetafactory::<init> (289 bytes)
Event: 14.884 Thread 0x000001dbf4dd5800 nmethod 1718 0x000001db805a5550 code [0x000001db805a5a20, 0x000001db805a8cd0]
Event: 14.884 Thread 0x000001dbf4dd5800 1719       3       java.lang.invoke.MethodHandles$Lookup::lookupModes (8 bytes)
Event: 14.884 Thread 0x000001dbf4dd5800 nmethod 1719 0x000001db805ab250 code [0x000001db805ab3a0, 0x000001db805ab4f8]
Event: 14.884 Thread 0x000001dbf4dd5800 1720       3       java.lang.invoke.InfoFromMemberName::<init> (65 bytes)
Event: 14.884 Thread 0x000001dbf4dd5800 nmethod 1720 0x000001db805ab590 code [0x000001db805ab700, 0x000001db805ab8f8]
Event: 14.884 Thread 0x000001dbf4dd5800 1721       3       java.lang.invoke.AbstractValidatingLambdaMetafactory::validateMetafactoryArgs (864 bytes)

GC Heap History (6 events):
Event: 7.615 GC heap before
{Heap before GC invocations=1 (full 0):
 PSYoungGen      total 18432K, used 15872K [0x00000000eba00000, 0x00000000ece80000, 0x0000000100000000)
  eden space 15872K, 100% used [0x00000000eba00000,0x00000000ec980000,0x00000000ec980000)
  from space 2560K, 0% used [0x00000000ecc00000,0x00000000ecc00000,0x00000000ece80000)
  to   space 2560K, 0% used [0x00000000ec980000,0x00000000ec980000,0x00000000ecc00000)
 ParOldGen       total 42496K, used 0K [0x00000000c2e00000, 0x00000000c5780000, 0x00000000eba00000)
  object space 42496K, 0% used [0x00000000c2e00000,0x00000000c2e00000,0x00000000c5780000)
 Metaspace       used 9644K, capacity 9858K, committed 9984K, reserved 1058816K
  class space    used 1116K, capacity 1205K, committed 1280K, reserved 1048576K
Event: 7.625 GC heap after
Heap after GC invocations=1 (full 0):
 PSYoungGen      total 18432K, used 2552K [0x00000000eba00000, 0x00000000ece80000, 0x0000000100000000)
  eden space 15872K, 0% used [0x00000000eba00000,0x00000000eba00000,0x00000000ec980000)
  from space 2560K, 99% used [0x00000000ec980000,0x00000000ecbfe090,0x00000000ecc00000)
  to   space 2560K, 0% used [0x00000000ecc00000,0x00000000ecc00000,0x00000000ece80000)
 ParOldGen       total 42496K, used 1038K [0x00000000c2e00000, 0x00000000c5780000, 0x00000000eba00000)
  object space 42496K, 2% used [0x00000000c2e00000,0x00000000c2f03be8,0x00000000c5780000)
 Metaspace       used 9644K, capacity 9858K, committed 9984K, reserved 1058816K
  class space    used 1116K, capacity 1205K, committed 1280K, reserved 1048576K
}
Event: 8.269 GC heap before
{Heap before GC invocations=2 (full 0):
 PSYoungGen      total 18432K, used 18424K [0x00000000eba00000, 0x00000000ece80000, 0x0000000100000000)
  eden space 15872K, 100% used [0x00000000eba00000,0x00000000ec980000,0x00000000ec980000)
  from space 2560K, 99% used [0x00000000ec980000,0x00000000ecbfe090,0x00000000ecc00000)
  to   space 2560K, 0% used [0x00000000ecc00000,0x00000000ecc00000,0x00000000ece80000)
 ParOldGen       total 42496K, used 1038K [0x00000000c2e00000, 0x00000000c5780000, 0x00000000eba00000)
  object space 42496K, 2% used [0x00000000c2e00000,0x00000000c2f03be8,0x00000000c5780000)
 Metaspace       used 13140K, capacity 13450K, committed 13696K, reserved 1060864K
  class space    used 1545K, capacity 1622K, committed 1664K, reserved 1048576K
Event: 8.280 GC heap after
Heap after GC invocations=2 (full 0):
 PSYoungGen      total 18432K, used 2544K [0x00000000eba00000, 0x00000000ece80000, 0x0000000100000000)
  eden space 15872K, 0% used [0x00000000eba00000,0x00000000eba00000,0x00000000ec980000)
  from space 2560K, 99% used [0x00000000ecc00000,0x00000000ece7c010,0x00000000ece80000)
  to   space 2560K, 0% used [0x00000000ec980000,0x00000000ec980000,0x00000000ecc00000)
 ParOldGen       total 42496K, used 3280K [0x00000000c2e00000, 0x00000000c5780000, 0x00000000eba00000)
  object space 42496K, 7% used [0x00000000c2e00000,0x00000000c3134140,0x00000000c5780000)
 Metaspace       used 13140K, capacity 13450K, committed 13696K, reserved 1060864K
  class space    used 1545K, capacity 1622K, committed 1664K, reserved 1048576K
}
Event: 9.535 GC heap before
{Heap before GC invocations=3 (full 0):
 PSYoungGen      total 18432K, used 18416K [0x00000000eba00000, 0x00000000ece80000, 0x0000000100000000)
  eden space 15872K, 100% used [0x00000000eba00000,0x00000000ec980000,0x00000000ec980000)
  from space 2560K, 99% used [0x00000000ecc00000,0x00000000ece7c010,0x00000000ece80000)
  to   space 2560K, 0% used [0x00000000ec980000,0x00000000ec980000,0x00000000ecc00000)
 ParOldGen       total 42496K, used 3280K [0x00000000c2e00000, 0x00000000c5780000, 0x00000000eba00000)
  object space 42496K, 7% used [0x00000000c2e00000,0x00000000c3134140,0x00000000c5780000)
 Metaspace       used 15109K, capacity 15472K, committed 15616K, reserved 1062912K
  class space    used 1808K, capacity 1936K, committed 2048K, reserved 1048576K
Event: 9.546 GC heap after
Heap after GC invocations=3 (full 0):
 PSYoungGen      total 18432K, used 2528K [0x00000000eba00000, 0x00000000ece80000, 0x0000000100000000)
  eden space 15872K, 0% used [0x00000000eba00000,0x00000000eba00000,0x00000000ec980000)
  from space 2560K, 98% used [0x00000000ec980000,0x00000000ecbf8010,0x00000000ecc00000)
  to   space 2560K, 0% used [0x00000000ecc00000,0x00000000ecc00000,0x00000000ece80000)
 ParOldGen       total 42496K, used 5665K [0x00000000c2e00000, 0x00000000c5780000, 0x00000000eba00000)
  object space 42496K, 13% used [0x00000000c2e00000,0x00000000c33885e0,0x00000000c5780000)
 Metaspace       used 15109K, capacity 15472K, committed 15616K, reserved 1062912K
  class space    used 1808K, capacity 1936K, committed 2048K, reserved 1048576K
}

Deoptimization events (10 events):
Event: 9.720 Thread 0x000001dbf0165000 Uncommon trap: reason=class_check action=maybe_recompile pc=0x000001db80492d5c method=java.util.regex.Matcher.search(I)Z @ 86
Event: 9.720 Thread 0x000001dbf0165000 Uncommon trap: reason=class_check action=maybe_recompile pc=0x000001db80413ab4 method=java.util.regex.Pattern$Curly.match(Ljava/util/regex/Matcher;ILjava/lang/CharSequence;)Z @ 19
Event: 9.735 Thread 0x000001dbf0165000 Uncommon trap: reason=class_check action=maybe_recompile pc=0x000001db80413ab4 method=java.util.regex.Pattern$Curly.match(Ljava/util/regex/Matcher;ILjava/lang/CharSequence;)Z @ 19
Event: 9.735 Thread 0x000001dbf0165000 Uncommon trap: reason=class_check action=maybe_recompile pc=0x000001db80413ab4 method=java.util.regex.Pattern$Curly.match(Ljava/util/regex/Matcher;ILjava/lang/CharSequence;)Z @ 19
Event: 9.827 Thread 0x000001dbf0165000 Uncommon trap: reason=unstable_if action=reinterpret pc=0x000001db8036a99c method=java.util.regex.Pattern$BmpCharProperty.match(Ljava/util/regex/Matcher;ILjava/lang/CharSequence;)Z @ 34
Event: 12.130 Thread 0x000001dbf0165000 Uncommon trap: reason=class_check action=maybe_recompile pc=0x000001db80562b34 method=org.openqa.selenium.json.Input.init()V @ 18
Event: 12.130 Thread 0x000001dbf0165000 Uncommon trap: reason=class_check action=maybe_recompile pc=0x000001db80562b34 method=org.openqa.selenium.json.Input.init()V @ 18
Event: 12.131 Thread 0x000001dbf0165000 Uncommon trap: reason=class_check action=maybe_recompile pc=0x000001db80562b34 method=org.openqa.selenium.json.Input.init()V @ 18
Event: 12.131 Thread 0x000001dbf0165000 Uncommon trap: reason=class_check action=maybe_recompile pc=0x000001db80562b34 method=org.openqa.selenium.json.Input.init()V @ 18
Event: 12.158 Thread 0x000001dbf0165000 Uncommon trap: reason=unstable_if action=reinterpret pc=0x000001db8056bdf0 method=java.util.concurrent.ConcurrentHashMap.putVal(Ljava/lang/Object;Ljava/lang/Object;Z)Ljava/lang/Object; @ 181

Classes redefined (0 events):
No events

Internal exceptions (10 events):
Event: 9.401 Thread 0x000001dbf682f800 Exception <a 'java/net/SocketTimeoutException': connect timed out> (0x00000000ec6f5790) thrown at [C:\jenkins\workspace\8-2-build-windows-amd64-cygwin\jdk8u271\605\hotspot\src\share\vm\prims\jni.cpp, line 737]
Event: 9.447 Thread 0x000001dbf0165000 Exception <a 'java/lang/IncompatibleClassChangeError': Found class java.lang.Object, but interface was expected> (0x00000000ec784568) thrown at [C:\jenkins\workspace\8-2-build-windows-amd64-cygwin\jdk8u271\605\hotspot\src\share\vm\interpreter\linkResolver
Event: 9.451 Thread 0x000001dbf0165000 Exception <a 'java/lang/NoSuchMethodError': java.lang.Object.lambda$or$2(Ljava/util/function/Predicate;Ljava/lang/Object;)Z> (0x00000000ec78e738) thrown at [C:\jenkins\workspace\8-2-build-windows-amd64-cygwin\jdk8u271\605\hotspot\src\share\vm\interpreter\
Event: 9.603 Thread 0x000001dbf0165000 Exception <a 'java/lang/NoSuchMethodError': java.lang.Object.lambda$chars$0()Ljava/util/Spliterator$OfInt;> (0x00000000ebb53ba8) thrown at [C:\jenkins\workspace\8-2-build-windows-amd64-cygwin\jdk8u271\605\hotspot\src\share\vm\interpreter\linkResolver.cpp,
Event: 12.147 Thread 0x000001dbf0165000 Exception <a 'java/lang/NoSuchMethodError': java.lang.Object.lambda$getResponseFunction$0(Lorg/openqa/selenium/remote/InitialHandshakeResponse;)Lorg/openqa/selenium/remote/ProtocolHandshake$Result;> (0x00000000ec58cdd8) thrown at [C:\jenkins\workspace\8-2
Event: 12.251 Thread 0x000001dbf0165000 Exception <a 'java/net/SocketTimeoutException': Read timed out> (0x00000000ec6eeae0) thrown at [C:\jenkins\workspace\8-2-build-windows-amd64-cygwin\jdk8u271\605\hotspot\src\share\vm\prims\jni.cpp, line 737]
Event: 12.570 Thread 0x000001dbf0165000 Exception <a 'java/net/SocketTimeoutException': Read timed out> (0x00000000ec723e68) thrown at [C:\jenkins\workspace\8-2-build-windows-amd64-cygwin\jdk8u271\605\hotspot\src\share\vm\prims\jni.cpp, line 737]
Event: 14.666 Thread 0x000001dbf0165000 Exception <a 'java/net/SocketTimeoutException': Read timed out> (0x00000000ec72f5e0) thrown at [C:\jenkins\workspace\8-2-build-windows-amd64-cygwin\jdk8u271\605\hotspot\src\share\vm\prims\jni.cpp, line 737]
Event: 14.736 Thread 0x000001dbf0165000 Exception <a 'java/net/SocketTimeoutException': Read timed out> (0x00000000ec74a9d8) thrown at [C:\jenkins\workspace\8-2-build-windows-amd64-cygwin\jdk8u271\605\hotspot\src\share\vm\prims\jni.cpp, line 737]
Event: 14.871 Thread 0x000001dbf0165000 Exception <a 'java/lang/NoSuchMethodError': java.lang.Object.lambda$comparing$77a9974f$1(Ljava/util/function/Function;Ljava/lang/Object;Ljava/lang/Object;)I> (0x00000000ec87b018) thrown at [C:\jenkins\workspace\8-2-build-windows-amd64-cygwin\jdk8u271\605\

Events (10 events):
Event: 14.866 loading class java/nio/channels/Channels$1
Event: 14.867 loading class java/nio/channels/Channels$1 done
Event: 14.867 loading class org/testng/reporters/EmailableReporter2$SuiteResult
Event: 14.867 loading class org/testng/reporters/EmailableReporter2$SuiteResult done
Event: 14.869 loading class org/testng/reporters/EmailableReporter2$TestResult
Event: 14.869 loading class org/testng/reporters/EmailableReporter2$TestResult done
Event: 14.870 loading class org/testng/ITestResult
Event: 14.870 loading class org/testng/ITestResult done
Event: 14.870 loading class org/testng/ITestResult
Event: 14.870 loading class org/testng/ITestResult done


Dynamic libraries:
0x00007ff65ffd0000 - 0x00007ff660017000 	C:\Program Files\Java\jdk1.8.0_271\bin\javaw.exe
0x00007ff923a00000 - 0x00007ff923bf0000 	C:\windows\SYSTEM32\ntdll.dll
0x00007ff922f90000 - 0x00007ff923042000 	C:\windows\System32\KERNEL32.DLL
0x00007ff920b60000 - 0x00007ff920e05000 	C:\windows\System32\KERNELBASE.dll
0x00007ff923910000 - 0x00007ff9239b3000 	C:\windows\System32\ADVAPI32.dll
0x00007ff9229d0000 - 0x00007ff922a6e000 	C:\windows\System32\msvcrt.dll
0x00007ff922b40000 - 0x00007ff922bd7000 	C:\windows\System32\sechost.dll
0x00007ff922e40000 - 0x00007ff922f5f000 	C:\windows\System32\RPCRT4.dll
0x00007ff921ab0000 - 0x00007ff921c44000 	C:\windows\System32\USER32.dll
0x00007ff921980000 - 0x00007ff9219a1000 	C:\windows\System32\win32u.dll
0x00007ff922f60000 - 0x00007ff922f86000 	C:\windows\System32\GDI32.dll
0x00007ff920970000 - 0x00007ff920b08000 	C:\windows\System32\gdi32full.dll
0x00007ff921000000 - 0x00007ff92109e000 	C:\windows\System32\msvcp_win.dll
0x00007ff920f00000 - 0x00007ff920ffa000 	C:\windows\System32\ucrtbase.dll
0x00007ff910200000 - 0x00007ff910484000 	C:\windows\WinSxS\amd64_microsoft.windows.common-controls_6595b64144ccf1df_6.0.18362.1500_none_9e79be6de462295c\COMCTL32.dll
0x00007ff923350000 - 0x00007ff923686000 	C:\windows\System32\combase.dll
0x00007ff920e70000 - 0x00007ff920ef1000 	C:\windows\System32\bcryptPrimitives.dll
0x00007ff922e10000 - 0x00007ff922e3e000 	C:\windows\System32\IMM32.DLL
0x00007ff8bd410000 - 0x00007ff8bd515000 	C:\Program Files (x86)\Citrix\ICA Client\epclient64.dll
0x00007ff913c00000 - 0x00007ff913c0a000 	C:\windows\SYSTEM32\VERSION.dll
0x00007ff91f920000 - 0x00007ff91f951000 	C:\windows\SYSTEM32\ntmarta.dll
0x00007ff8ff3d0000 - 0x00007ff8ff3e5000 	C:\Program Files\Java\jdk1.8.0_271\jre\bin\vcruntime140.dll
0x00007ff8ff330000 - 0x00007ff8ff3cb000 	C:\Program Files\Java\jdk1.8.0_271\jre\bin\msvcp140.dll
0x00000000536e0000 - 0x0000000053f4f000 	C:\Program Files\Java\jdk1.8.0_271\jre\bin\server\jvm.dll
0x00007ff922960000 - 0x00007ff922968000 	C:\windows\System32\PSAPI.DLL
0x00007ff8ff0a0000 - 0x00007ff8ff0a9000 	C:\windows\SYSTEM32\WSOCK32.dll
0x00007ff923880000 - 0x00007ff9238ef000 	C:\windows\System32\WS2_32.dll
0x00007ff91df00000 - 0x00007ff91df24000 	C:\windows\SYSTEM32\WINMM.dll
0x00007ff91ded0000 - 0x00007ff91defd000 	C:\windows\SYSTEM32\WINMMBASE.dll
0x00007ff921a60000 - 0x00007ff921aaa000 	C:\windows\System32\cfgmgr32.dll
0x00007ff9208c0000 - 0x00007ff9208d1000 	C:\windows\System32\kernel.appcore.dll
0x00007ff8fef40000 - 0x00007ff8fef50000 	C:\Program Files\Java\jdk1.8.0_271\jre\bin\verify.dll
0x00007ff8fef10000 - 0x00007ff8fef3b000 	C:\Program Files\Java\jdk1.8.0_271\jre\bin\java.dll
0x00007ff8feef0000 - 0x00007ff8fef08000 	C:\Program Files\Java\jdk1.8.0_271\jre\bin\zip.dll
0x000001dbf5890000 - 0x000001dbf5f78000 	C:\windows\System32\SHELL32.dll
0x00007ff923690000 - 0x00007ff923737000 	C:\windows\System32\shcore.dll
0x00007ff921200000 - 0x00007ff92197b000 	C:\windows\System32\windows.storage.dll
0x00007ff920950000 - 0x00007ff92096e000 	C:\windows\System32\profapi.dll
0x00007ff920900000 - 0x00007ff92094a000 	C:\windows\System32\powrprof.dll
0x00007ff9208b0000 - 0x00007ff9208c0000 	C:\windows\System32\UMPDC.dll
0x00007ff922420000 - 0x00007ff922472000 	C:\windows\System32\shlwapi.dll
0x00007ff920b40000 - 0x00007ff920b57000 	C:\windows\System32\cryptsp.dll
0x00007ff902790000 - 0x00007ff9027ac000 	C:\Program Files\Java\jdk1.8.0_271\jre\bin\net.dll
0x00007ff920090000 - 0x00007ff9200f7000 	C:\windows\system32\mswsock.dll
0x00007ff91fde0000 - 0x00007ff91feab000 	C:\windows\SYSTEM32\DNSAPI.dll
0x00007ff922b20000 - 0x00007ff922b28000 	C:\windows\System32\NSI.dll
0x00007ff91fda0000 - 0x00007ff91fdda000 	C:\windows\SYSTEM32\IPHLPAPI.DLL
0x00007ff90a4b0000 - 0x00007ff90a4ba000 	C:\Windows\System32\rasadhlp.dll
0x00007ff91a8f0000 - 0x00007ff91a967000 	C:\windows\System32\fwpuclnt.dll
0x00007ff920b10000 - 0x00007ff920b36000 	C:\windows\System32\bcrypt.dll
0x00007ff91fc10000 - 0x00007ff91fc43000 	C:\windows\system32\rsaenh.dll
0x00007ff9207a0000 - 0x00007ff9207c5000 	C:\windows\SYSTEM32\USERENV.dll
0x00007ff91ee90000 - 0x00007ff91eea6000 	C:\windows\SYSTEM32\dhcpcsvc6.DLL
0x00007ff91ed80000 - 0x00007ff91ed9c000 	C:\windows\SYSTEM32\dhcpcsvc.DLL
0x00007ff9012f0000 - 0x00007ff901303000 	C:\Program Files\Java\jdk1.8.0_271\jre\bin\nio.dll
0x00007ff8fa3a0000 - 0x00007ff8fa3c4000 	C:\Program Files\Java\jdk1.8.0_271\jre\bin\sunec.dll
0x00007ff8fa390000 - 0x00007ff8fa39d000 	C:\Program Files\Java\jdk1.8.0_271\jre\bin\sunmscapi.dll
0x00007ff9210a0000 - 0x00007ff9211f1000 	C:\windows\System32\CRYPT32.dll
0x00007ff9208e0000 - 0x00007ff9208f2000 	C:\windows\System32\MSASN1.dll
0x00007ff920370000 - 0x00007ff920396000 	C:\windows\SYSTEM32\ncrypt.dll
0x00007ff920330000 - 0x00007ff92036b000 	C:\windows\SYSTEM32\NTASN1.dll
0x00007ff8fd8d0000 - 0x00007ff8fd8e6000 	C:\windows\system32\napinsp.dll
0x00007ff8fd8b0000 - 0x00007ff8fd8ca000 	C:\windows\system32\pnrpnsp.dll
0x00007ff8fd8a0000 - 0x00007ff8fd8ae000 	C:\windows\System32\winrnr.dll
0x00007ff91c710000 - 0x00007ff91c72c000 	C:\windows\system32\NLAapi.dll
0x00007ff91ab20000 - 0x00007ff91ab35000 	C:\windows\system32\wshbth.dll

VM Arguments:
jvm_args: -ea -Dfile.encoding=Cp1252 
java_command: org.testng.remote.RemoteTestNG -serport 55129 -protocol json -d C:\Users\supri\Documents\Supritha\Selenium\POM_Project\test-output C:\Users\supri\AppData\Local\Temp\testng-eclipse--1575105241\testng-customsuite.xml
java_class_path (initial): C:\Users\supri\Desktop\eclipse-jee-2019-03-R-win32-x86_64\eclipse\configuration\org.eclipse.osgi\958\0\.cp\lib\testng-remote.jar;C:\Users\supri\Documents\Supritha\Selenium\POM_Project\target\test-classes;C:\Users\supri\Documents\Supritha\Selenium\POM_Project\target\classes;C:\Users\supri\Desktop\eclipse-jee-2019-03-R-win32-x86_64\eclipse\plugins\org.testng_7.3.0.r202008060316.jar;C:\Users\supri\Desktop\eclipse-jee-2019-03-R-win32-x86_64\eclipse\plugins\com.beust.jcommander_1.78.0.jar;C:\Users\supri\Desktop\eclipse-jee-2019-03-R-win32-x86_64\eclipse\plugins\org.apache-extras.beanshell.bsh_2.0.0.b6.jar;C:\Users\supri\Desktop\eclipse-jee-2019-03-R-win32-x86_64\eclipse\plugins\org.yaml.snakeyaml_1.21.0.jar;C:\Users\supri\.m2\repository\junit\junit\3.8.1\junit-3.8.1.jar;C:\Users\supri\.m2\repository\org\seleniumhq\selenium\selenium-java\3.141.59\selenium-java-3.141.59.jar;C:\Users\supri\.m2\repository\org\seleniumhq\selenium\selenium-api\3.141.59\selenium-api-3.141.59.jar;C:\Users\supri\.m2\repository\org\seleniumhq\selenium\selenium-chrome-driver\3.141.59\selenium-chrome-driver-3.141.59.jar;C:\Users\supri\.m2\repository\org\seleniumhq\selenium\selenium-edge-driver\3.141.59\selenium-edge-driver-3.141.59.jar;C:\Users\supri\.m2\repository\org\seleniumhq\selenium\selenium-firefox-driver\3.141.59\selenium-firefox-driver-3.141.59.jar;C:\Users\supri\.m2\repository\org\seleniumhq\selenium\selenium-ie-driver\3.141.59\selenium-ie-driver-3.141.59.jar;C:\Users\supri\.m2\repository\org\seleniumhq\selenium\selenium-opera-driver\3.141.59\selenium-opera-driver-3.141.59.jar;C:\Users\supri\.m2\repository\org\seleniumhq\selenium\selenium-remote-driver\3.141.59\selenium-remote-driver-3.141.59.jar;C:\Users\supri\.m2\repository\org\seleniumhq\selenium\selenium-safari-driver\3.141.59\selenium-safari-driver-3.141.59.jar;C:\Users\supri\.m2\repository\org\seleniumhq\selenium\selenium-support\3.141.59\selenium-support-3.141.59.jar;C:\Users\supri\.m2\repository\net\byt
Launcher Type: SUN_STANDARD

Environment Variables:
PATH=C:/Program Files/Java/jre1.8.0_271/bin/server;C:/Program Files/Java/jre1.8.0_271/bin;C:/Program Files/Java/jre1.8.0_271/lib/amd64;C:\Program Files (x86)\Common Files\Oracle\Java\javapath;C:\windows\system32;C:\windows;C:\windows\System32\Wbem;C:\windows\System32\WindowsPowerShell\v1.0\;C:\windows\System32\OpenSSH\;C:\Program Files (x86)\Brackets\command;C:\Program Files\Java\jdk1.8.0_271;C:\Program Files\Java\jdk1.8.0_271\bin;C:\Program Files\Maven\apache-maven-3.6.1\bin;C:\Program Files\Git\cmd;C:\Program Files\MySQL\MySQL Shell 8.0\bin\;C:\Users\supri\AppData\Local\Microsoft\WindowsApps;C:\Users\supri\AppData\Local\GitHubDesktop\bin;C:\Users\supri\Desktop\eclipse-jee-2019-03-R-win32-x86_64\eclipse;
USERNAME=supri
OS=Windows_NT
PROCESSOR_IDENTIFIER=Intel64 Family 6 Model 122 Stepping 1, GenuineIntel



---------------  S Y S T E M  ---------------

OS: Windows 10.0 , 64 bit Build 18362 (10.0.18362.1500)

CPU:total 2 (initial active 2) (2 cores per cpu, 1 threads per core) family 6 model 122 stepping 1, cmov, cx8, fxsr, mmx, sse, sse2, sse3, ssse3, sse4.1, sse4.2, popcnt, aes, clmul, erms, 3dnowpref, tsc, tscinvbit

Memory: 4k page, physical 4005196k(569856k free), swap 8197768k(5220k free)

vm_info: Java HotSpot(TM) 64-Bit Server VM (25.271-b09) for windows-amd64 JRE (1.8.0_271-b09), built on Sep 16 2020 19:14:59 by "" with MS VC++ 15.9 (VS2017)

time: Fri Jun  4 13:30:56 2021
timezone: Central Daylight Time
elapsed time: 14.913849 seconds (0d 0h 0m 14s)

